<?xml version="1.0" encoding="UTF-8"?>
<!-- Generated by org.testng.reporters.JUnitReportReporter -->
<testsuite hostname="Nagesh" failures="0" tests="1" name="rahulshettyacademy.SeleniumFrameworkDesign.ErrorValidations" time="13.477" errors="0" timestamp="2025-01-05T21:18:00 EST" skipped="0">
  <testcase classname="rahulshettyacademy.SeleniumFrameworkDesign.ErrorValidations" name="submitOrder" time="13.477"/>
</testsuite> <!-- rahulshettyacademy.SeleniumFrameworkDesign.ErrorValidations -->
