<?xml version="1.0" encoding="UTF-8"?>
<!-- Generated by org.testng.reporters.JUnitReportReporter -->
<testsuite hostname="Nagesh" failures="0" tests="3" name="rahulshettyacademy.SeleniumFrameworkDesign.SubmitOrderTest" time="28.109" errors="0" timestamp="2025-01-16T15:55:09 EST" skipped="0">
  <testcase classname="rahulshettyacademy.SeleniumFrameworkDesign.SubmitOrderTest" name="submitOrder" time="11.949"/>
  <testcase classname="rahulshettyacademy.SeleniumFrameworkDesign.SubmitOrderTest" name="submitOrder" time="10.337"/>
  <testcase classname="rahulshettyacademy.SeleniumFrameworkDesign.SubmitOrderTest" name="OrderHistoryTest" time="5.823"/>
</testsuite> <!-- rahulshettyacademy.SeleniumFrameworkDesign.SubmitOrderTest -->
